Arguments: 
  /usr/local/bin/node /opt/yarn-v1.22.19/bin/yarn.js add express dotenv Sequelize @types/express @types/sequelize

PATH: 
  /usr/local/sbin:/usr/local/bin:/usr/sbin:/usr/bin:/sbin:/bin

Yarn version: 
  1.22.19

Node version: 
  18.18.2

Platform: 
  linux x64

Trace: 
  Error: https://registry.yarnpkg.com/Sequelize: Not found
      at params.callback [as _callback] (/opt/yarn-v1.22.19/lib/cli.js:66145:18)
      at self.callback (/opt/yarn-v1.22.19/lib/cli.js:140890:22)
      at Request.emit (node:events:517:28)
      at Request.<anonymous> (/opt/yarn-v1.22.19/lib/cli.js:141862:10)
      at Request.emit (node:events:517:28)
      at IncomingMessage.<anonymous> (/opt/yarn-v1.22.19/lib/cli.js:141784:12)
      at Object.onceWrapper (node:events:631:28)
      at IncomingMessage.emit (node:events:529:35)
      at endReadableNT (node:internal/streams/readable:1368:12)
      at process.processTicksAndRejections (node:internal/process/task_queues:82:21)

npm manifest: 
  {
    "name": "stream_app",
    "version": "1.0.0",
    "description": "A real time streaming app",
    "main": "index.js",
    "author": "tobi ebenezer",
    "license": "MIT"
  }

yarn manifest: 
  No manifest

Lockfile: 
  No lockfile
